<?xml version="1.0" encoding="UTF-8"?>
<testsuite xmlns:xsi="http://www.w3.org/2001/XMLSchema-instance" xsi:schemaLocation="https://maven.apache.org/surefire/maven-surefire-plugin/xsd/surefire-test-report.xsd" name="com.realdolmen.course.web.webservice.soap.PersonWebServiceIntegrationTest" time="0.125" tests="1" errors="0" skipped="1" failures="0">
  <properties>
    <property name="java.runtime.name" value="Java(TM) SE Runtime Environment"/>
    <property name="sun.boot.library.path" value="C:\Acaddemicts\eru-illuvatar\jdk\jre\bin"/>
    <property name="java.vm.version" value="25.77-b03"/>
    <property name="user.country.format" value="BE"/>
    <property name="java.vm.vendor" value="Oracle Corporation"/>
    <property name="maven.multiModuleProjectDirectory" value="C:\Users\WVMBB95\gitWorkspace\jee7-starter"/>
    <property name="java.vendor.url" value="http://java.oracle.com/"/>
    <property name="path.separator" value=";"/>
    <property name="guice.disable.misplaced.annotation.check" value="true"/>
    <property name="java.vm.name" value="Java HotSpot(TM) 64-Bit Server VM"/>
    <property name="file.encoding.pkg" value="sun.io"/>
    <property name="user.script" value=""/>
    <property name="user.country" value="US"/>
    <property name="sun.java.launcher" value="SUN_STANDARD"/>
    <property name="sun.os.patch.level" value=""/>
    <property name="java.vm.specification.name" value="Java Virtual Machine Specification"/>
    <property name="user.dir" value="C:\Users\WVMBB95\gitWorkspace\jee7-starter"/>
    <property name="java.runtime.version" value="1.8.0_77-b03"/>
    <property name="java.awt.graphicsenv" value="sun.awt.Win32GraphicsEnvironment"/>
    <property name="java.endorsed.dirs" value="C:\Acaddemicts\eru-illuvatar\jdk\jre\lib\endorsed"/>
    <property name="os.arch" value="amd64"/>
    <property name="java.io.tmpdir" value="C:\Users\WVMBB95\AppData\Local\Temp\"/>
    <property name="line.separator" value="&#10;"/>
    <property name="java.vm.specification.vendor" value="Oracle Corporation"/>
    <property name="user.variant" value=""/>
    <property name="os.name" value="Windows 10"/>
    <property name="classworlds.conf" value="C:\Acaddemicts\eru-illuvatar\apache-maven\bin\m2.conf"/>
    <property name="sun.jnu.encoding" value="Cp1252"/>
    <property name="java.library.path" value="C:\Acaddemicts\eru-illuvatar\jdk\bin;C:\WINDOWS\Sun\Java\bin;C:\WINDOWS\system32;C:\WINDOWS;C:\Acaddemicts\eru-illuvatar\apache-maven\bin;C:\Acaddemicts\eru-illuvatar\jdk\bin;C:\ProgramData\Oracle\Java\javapath;C:\WINDOWS\system32;C:\WINDOWS;C:\WINDOWS\System32\Wbem;C:\WINDOWS\System32\WindowsPowerShell\v1.0\;C:\Windows\CCM;C:\Program Files\Git\cmd;C:\Program Files\MySQL\MySQL Utilities 1.6\;."/>
    <property name="java.specification.name" value="Java Platform API Specification"/>
    <property name="java.class.version" value="52.0"/>
    <property name="sun.management.compiler" value="HotSpot 64-Bit Tiered Compilers"/>
    <property name="os.version" value="10.0"/>
    <property name="user.home" value="C:\Users\WVMBB95"/>
    <property name="user.timezone" value="Europe/Paris"/>
    <property name="java.awt.printerjob" value="sun.awt.windows.WPrinterJob"/>
    <property name="java.specification.version" value="1.8"/>
    <property name="file.encoding" value="Cp1252"/>
    <property name="user.name" value="WVMBB95"/>
    <property name="java.class.path" value="C:\Acaddemicts\eru-illuvatar\apache-maven\boot\plexus-classworlds-2.5.2.jar"/>
    <property name="java.vm.specification.version" value="1.8"/>
    <property name="sun.arch.data.model" value="64"/>
    <property name="java.home" value="C:\Acaddemicts\eru-illuvatar\jdk\jre"/>
    <property name="sun.java.command" value="org.codehaus.plexus.classworlds.launcher.Launcher install"/>
    <property name="java.specification.vendor" value="Oracle Corporation"/>
    <property name="user.language" value="en"/>
    <property name="user.language.format" value="nl"/>
    <property name="awt.toolkit" value="sun.awt.windows.WToolkit"/>
    <property name="java.vm.info" value="mixed mode"/>
    <property name="java.version" value="1.8.0_77"/>
    <property name="java.ext.dirs" value="C:\Acaddemicts\eru-illuvatar\jdk\jre\lib\ext;C:\WINDOWS\Sun\Java\lib\ext"/>
    <property name="sun.boot.class.path" value="C:\Acaddemicts\eru-illuvatar\jdk\jre\lib\resources.jar;C:\Acaddemicts\eru-illuvatar\jdk\jre\lib\rt.jar;C:\Acaddemicts\eru-illuvatar\jdk\jre\lib\sunrsasign.jar;C:\Acaddemicts\eru-illuvatar\jdk\jre\lib\jsse.jar;C:\Acaddemicts\eru-illuvatar\jdk\jre\lib\jce.jar;C:\Acaddemicts\eru-illuvatar\jdk\jre\lib\charsets.jar;C:\Acaddemicts\eru-illuvatar\jdk\jre\lib\jfr.jar;C:\Acaddemicts\eru-illuvatar\jdk\jre\classes"/>
    <property name="sun.stderr.encoding" value="cp437"/>
    <property name="java.vendor" value="Oracle Corporation"/>
    <property name="maven.home" value="C:\Acaddemicts\eru-illuvatar\apache-maven"/>
    <property name="file.separator" value="\"/>
    <property name="java.vendor.url.bug" value="http://bugreport.sun.com/bugreport/"/>
    <property name="sun.cpu.endian" value="little"/>
    <property name="sun.io.unicode.encoding" value="UnicodeLittle"/>
    <property name="sun.stdout.encoding" value="cp437"/>
    <property name="sun.desktop" value="windows"/>
    <property name="sun.cpu.isalist" value="amd64"/>
  </properties>
  <testcase name="shouldReturnAllPeople" classname="com.realdolmen.course.web.webservice.soap.PersonWebServiceIntegrationTest" time="0">
    <skipped/>
    <system-out><![CDATA[12:02:37.686 [main] WARN  com.realdolmen.course.utilities.persistence.PersistenceTest$DatabaseEngine - Missing system property -DdatabaseEngine. Using default (mysql).
12:02:37.686 [main] INFO  com.realdolmen.course.utilities.persistence.PersistenceTest$DatabaseEngine - Using database engine: mysql
12:02:37.686 [main] WARN  com.realdolmen.course.utilities.persistence.PersistenceTest$DatabaseEngine - Missing system property -DdatabaseEngine. Using default (mysql).
12:02:37.686 [main] INFO  com.realdolmen.course.utilities.persistence.PersistenceTest$DatabaseEngine - Using database engine: mysql
12:02:37.686 [main] INFO  com.realdolmen.course.web.webservice.soap.PersonWebServiceIntegrationTest - Recreating database schema 'realdolmen'
12:02:37.701 [main] INFO  com.realdolmen.course.web.webservice.soap.PersonWebServiceIntegrationTest - Creating EntityManagerFactory from persistence unit MyTestPersistenceUnit
12:02:37.733 [main] INFO  org.hibernate.jpa.internal.util.LogHelper - HHH000204: Processing PersistenceUnitInfo [
	name: MyTestPersistenceUnit
	...]
12:02:37.748 [main] WARN  org.hibernate.orm.connections - HHH10001002: Using Hibernate built-in connection pool (not for production use!)
12:02:37.748 [main] INFO  org.hibernate.orm.connections - HHH10001005: using driver [com.mysql.jdbc.Driver] at URL [jdbc:mysql://localhost:3306/realdolmen]
12:02:37.748 [main] INFO  org.hibernate.orm.connections - HHH10001001: Connection properties: {user=root}
12:02:37.748 [main] INFO  org.hibernate.orm.connections - HHH10001003: Autocommit mode: false
12:02:37.748 [main] INFO  org.hibernate.orm.connections - HHH10001007: JDBC isolation level: READ_COMMITTED
12:02:37.748 [main] INFO  org.hibernate.engine.jdbc.connections.internal.DriverManagerConnectionProviderImpl - HHH000115: Hibernate connection pool size: 20 (min=1)
12:02:37.764 [main] INFO  org.hibernate.dialect.Dialect - HHH000400: Using dialect: org.hibernate.dialect.MySQL5InnoDBDialect
12:02:37.795 [main] INFO  org.hibernate.tool.hbm2ddl.SchemaExport - HHH000227: Running hbm2ddl schema export
12:02:37.795 [main] DEBUG org.hibernate.SQL - drop table if exists Person
12:02:37.795 [main] DEBUG org.hibernate.SQL - create table Person (id bigint not null auto_increment, firstName varchar(255) not null, lastName varchar(255) not null, primary key (id)) ENGINE=InnoDB
12:02:37.826 [main] INFO  org.hibernate.tool.hbm2ddl.SchemaExport - HHH000230: Schema export complete
12:02:37.826 [main] INFO  com.realdolmen.course.web.webservice.soap.PersonWebServiceIntegrationTest - Creating transacted EntityManager
12:02:37.826 [main] INFO  com.realdolmen.course.web.webservice.soap.PersonWebServiceIntegrationTest - Loading datasets
12:02:37.858 [main] INFO  com.realdolmen.course.web.webservice.soap.PersonWebServiceIntegrationTest - Committing and closing transacted EntityManager
12:02:37.858 [main] INFO  com.realdolmen.course.web.webservice.soap.PersonWebServiceIntegrationTest - Closing EntityManager
12:02:37.858 [main] INFO  com.realdolmen.course.web.webservice.soap.PersonWebServiceIntegrationTest - Closing EntityManagerFactory
12:02:37.858 [main] INFO  org.hibernate.orm.connections - HHH10001008: Cleaning up connection pool [jdbc:mysql://localhost:3306/realdolmen]
]]></system-out>
  </testcase>
</testsuite>